#
# A fatal error has been detected by the Java Runtime Environment:
#
#  Internal Error (./src/hotspot/share/oops/generateOopMap.cpp:2164), pid=72, tid=3960
#  fatal error: Illegal class file encountered. Try running with -Xverify:all in method buildMetricChartForChampion
#
# JRE version: OpenJDK Runtime Environment (11.0.7+10) (build 11.0.7+10)
# Java VM: OpenJDK 64-Bit Server VM (11.0.7+10, mixed mode, tiered, compressed oops, g1 gc, windows-amd64)
# No core dump will be written. Minidumps are not enabled by default on client versions of Windows
#
# If you would like to submit a bug report, please visit:
#   https://github.com/AdoptOpenJDK/openjdk-support/issues
#

---------------  S U M M A R Y ------------

Command Line: -agentlib:jdwp=transport=dt_socket,server=n,suspend=y,address=localhost:63369 -Dfile.encoding=UTF-8 Main.Main

Host: AMD Athlon(tm) X4 760K Quad Core Processor     , 4 cores, 7G,  Windows 10 , 64 bit Build 18362 (10.0.18362.1)
Time: Tue May  5 19:32:39 2020 Mountain Daylight Time elapsed time: 3398 seconds (0d 0h 56m 38s)

---------------  T H R E A D  ---------------

Current thread (0x0000020ffa72e800):  VMThread "VM Thread" [stack: 0x0000009a07100000,0x0000009a07200000] [id=3960]

Stack: [0x0000009a07100000,0x0000009a07200000]
[error occurred during error reporting (printing stack bounds), id 0xc0000005, EXCEPTION_ACCESS_VIOLATION (0xc0000005) at pc=0x0000020f80000dad]

Native frames: (J=compiled Java code, j=interpreted, Vv=VM code, C=native code)
V  [jvm.dll+0x5dec5a]
V  [jvm.dll+0x71671e]
V  [jvm.dll+0x717def]
V  [jvm.dll+0x718415]
V  [jvm.dll+0x7183cb]
V  [jvm.dll+0x5de253]
V  [jvm.dll+0x5de908]
C  [ntdll.dll+0xa119f]
C  [ntdll.dll+0x6a229]
C  [ntdll.dll+0x9fe0e]
C  0x0000020f80000dad

VM_Operation (0x0000009a079feee0): GetOrSetLocal, mode: safepoint, requested by thread 0x0000020ffb270800


---------------  P R O C E S S  ---------------

Threads class SMR info:
_java_thread_list=0x0000020ffd023f90, length=26, elements={
0x0000020ffa752800, 0x0000020ffa75c000, 0x0000020ffb0d2800, 0x0000020ffa76c800,
0x0000020ffa76d800, 0x0000020ffa774800, 0x0000020ffa77b000, 0x0000020ffb270800,
0x0000020ffb274000, 0x0000020ffb274800, 0x0000020ffb27f800, 0x0000020ffb296800,
0x0000020ffb352800, 0x0000020feb068000, 0x0000020ffbcd4000, 0x0000020ffbd37800,
0x0000020ffbc8b000, 0x0000020ffbc8b800, 0x0000020ffbc73000, 0x0000020ffbc72800,
0x0000020ffbc75800, 0x0000020ffbc74000, 0x0000020ffbc76800, 0x0000020ffbc77800,
0x0000020ffbc79000, 0x0000020ffbc75000
}

Java Threads: ( => current thread )
  0x0000020ffa752800 JavaThread "Reference Handler" daemon [_thread_blocked, id=11968, stack(0x0000009a07200000,0x0000009a07300000)]
  0x0000020ffa75c000 JavaThread "Finalizer" daemon [_thread_blocked, id=1508, stack(0x0000009a07300000,0x0000009a07400000)]
  0x0000020ffb0d2800 JavaThread "Signal Dispatcher" daemon [_thread_blocked, id=4796, stack(0x0000009a07400000,0x0000009a07500000)]
  0x0000020ffa76c800 JavaThread "Attach Listener" daemon [_thread_blocked, id=6336, stack(0x0000009a07500000,0x0000009a07600000)]
  0x0000020ffa76d800 JavaThread "C2 CompilerThread0" daemon [_thread_blocked, id=1248, stack(0x0000009a07600000,0x0000009a07700000)]
  0x0000020ffa774800 JavaThread "C1 CompilerThread0" daemon [_thread_blocked, id=11948, stack(0x0000009a07700000,0x0000009a07800000)]
  0x0000020ffa77b000 JavaThread "Sweeper thread" daemon [_thread_blocked, id=2216, stack(0x0000009a07800000,0x0000009a07900000)]
  0x0000020ffb270800 JavaThread "JDWP Transport Listener: dt_socket" daemon [_thread_blocked, id=3192, stack(0x0000009a07900000,0x0000009a07a00000)] _threads_hazard_ptr=0x0000020ffd023f90
  0x0000020ffb274000 JavaThread "JDWP Event Helper Thread" daemon [_thread_blocked, id=1544, stack(0x0000009a07a00000,0x0000009a07b00000)]
  0x0000020ffb274800 JavaThread "JDWP Command Reader" daemon [_thread_in_native, id=1896, stack(0x0000009a07b00000,0x0000009a07c00000)]
  0x0000020ffb27f800 JavaThread "Service Thread" daemon [_thread_blocked, id=6452, stack(0x0000009a07c00000,0x0000009a07d00000)]
  0x0000020ffb296800 JavaThread "Common-Cleaner" daemon [_thread_blocked, id=9248, stack(0x0000009a07e00000,0x0000009a07f00000)]
  0x0000020ffb352800 JavaThread "Thread-0" [_thread_blocked, id=7568, stack(0x0000009a06a00000,0x0000009a06b00000)]
  0x0000020feb068000 JavaThread "DestroyJavaVM" [_thread_blocked, id=11100, stack(0x0000009a06b00000,0x0000009a06c00000)]
  0x0000020ffbcd4000 JavaThread "qtp1314334544-35" [_thread_blocked, id=2720, stack(0x0000009a08400000,0x0000009a08500000)]
  0x0000020ffbd37800 JavaThread "qtp1314334544-36-acceptor-0@4327ecc5-ServerConnector@240baa5d{HTTP/1.1,[http/1.1]}{0.0.0.0:4567}" [_thread_in_native, id=9504, stack(0x0000009a08500000,0x0000009a08600000)]
  0x0000020ffbc8b000 JavaThread "qtp1314334544-39" [_thread_blocked, id=5504, stack(0x0000009a08800000,0x0000009a08900000)]
  0x0000020ffbc8b800 JavaThread "qtp1314334544-40" [_thread_blocked, id=3676, stack(0x0000009a08900000,0x0000009a08a00000)]
  0x0000020ffbc73000 JavaThread "Session-HouseKeeper-3465d30f" [_thread_blocked, id=8240, stack(0x0000009a08b00000,0x0000009a08c00000)]
  0x0000020ffbc72800 JavaThread "Connector-Scheduler-240baa5d" [_thread_blocked, id=8592, stack(0x0000009a06800000,0x0000009a06900000)]
  0x0000020ffbc75800 JavaThread "qtp1314334544-46" [_thread_in_native, id=5124, stack(0x0000009a08200000,0x0000009a08300000)]
  0x0000020ffbc74000 JavaThread "qtp1314334544-48" [_thread_blocked, id=2448, stack(0x0000009a08300000,0x0000009a08400000)]
  0x0000020ffbc76800 JavaThread "qtp1314334544-50" [_thread_in_native, id=5796, stack(0x0000009a08700000,0x0000009a08800000)]
  0x0000020ffbc77800 JavaThread "qtp1314334544-54" [_thread_blocked, id=3108, stack(0x0000009a08a00000,0x0000009a08b00000)]
  0x0000020ffbc79000 JavaThread "qtp1314334544-55" [_thread_blocked, id=1828, stack(0x0000009a06900000,0x0000009a06a00000)]
  0x0000020ffbc75000 JavaThread "qtp1314334544-56" [_thread_blocked, id=3876, stack(0x0000009a07f00000,0x0000009a08000000)]

Other Threads:
=>0x0000020ffa72e800 VMThread "VM Thread" [stack: 0x0000009a07100000,0x0000009a07200000] [id=3960]
  0x0000020ffb288800 WatcherThread [stack: 0x0000009a07d00000,0x0000009a07e00000] [id=6812]
  0x0000020feb082000 GCTaskThread "GC Thread#0" [stack: 0x0000009a06c00000,0x0000009a06d00000] [id=6192]
  0x0000020ffbf46000 GCTaskThread "GC Thread#1" [stack: 0x0000009a08000000,0x0000009a08100000] [id=7752]
  0x0000020ffbf9f000 GCTaskThread "GC Thread#2" [stack: 0x0000009a08100000,0x0000009a08200000] [id=1688]
  0x0000020ffc573800 GCTaskThread "GC Thread#3" [stack: 0x0000009a08c00000,0x0000009a08d00000] [id=8368]
  0x0000020feb0b3800 ConcurrentGCThread "G1 Main Marker" [stack: 0x0000009a06d00000,0x0000009a06e00000] [id=8760]
  0x0000020feb0b5000 ConcurrentGCThread "G1 Conc#0" [stack: 0x0000009a06e00000,0x0000009a06f00000] [id=8072]
  0x0000020feb127000 ConcurrentGCThread "G1 Refine#0" [stack: 0x0000009a06f00000,0x0000009a07000000] [id=6076]
  0x0000020ffa5a0800 ConcurrentGCThread "G1 Young RemSet Sampling" [stack: 0x0000009a07000000,0x0000009a07100000] [id=6500]

Threads with active compile tasks:

VM state:at safepoint (normal execution)

VM Mutex/Monitor currently owned by a thread:  ([mutex/lock_event])
[0x0000020feb065d90] Threads_lock - owner thread: 0x0000020ffa72e800

Heap address: 0x0000000080e00000, size: 2034 MB, Compressed Oops mode: 32-bit
Narrow klass base: 0x0000000000000000, Narrow klass shift: 3
Compressed class space size: 1073741824 Address: 0x0000000100000000

Heap:
 garbage-first heap   total 131072K, used 36278K [0x0000000080e00000, 0x0000000100000000)
  region size 1024K, 32 young (32768K), 3 survivors (3072K)
 Metaspace       used 28849K, capacity 29298K, committed 29568K, reserved 1075200K
  class space    used 2932K, capacity 3104K, committed 3200K, reserved 1048576K
Heap Regions: E=young(eden), S=young(survivor), O=old, HS=humongous(starts), HC=humongous(continues), CS=collection set, F=free, A=archive, TAMS=top-at-mark-start (previous, next)
|   0|0x0000000080e00000, 0x0000000080f00000, 0x0000000080f00000|100%| O|  |TAMS 0x0000000080f00000, 0x0000000080e00000| Untracked 
|   1|0x0000000080f00000, 0x0000000081000000, 0x0000000081000000|100%| O|  |TAMS 0x0000000081000000, 0x0000000080f00000| Untracked 
|   2|0x0000000081000000, 0x0000000081100000, 0x0000000081100000|100%| O|  |TAMS 0x0000000081100000, 0x0000000081000000| Untracked 
|   3|0x0000000081100000, 0x0000000081200000, 0x0000000081200000|100%| O|  |TAMS 0x0000000081200000, 0x0000000081100000| Untracked 
|   4|0x0000000081200000, 0x0000000081200000, 0x0000000081300000|  0%| F|  |TAMS 0x0000000081200000, 0x0000000081200000| Untracked 
|   5|0x0000000081300000, 0x0000000081300000, 0x0000000081400000|  0%| F|  |TAMS 0x0000000081300000, 0x0000000081300000| Untracked 
|   6|0x0000000081400000, 0x0000000081400000, 0x0000000081500000|  0%| F|  |TAMS 0x0000000081400000, 0x0000000081400000| Untracked 
|   7|0x0000000081500000, 0x0000000081500000, 0x0000000081600000|  0%| F|  |TAMS 0x0000000081500000, 0x0000000081500000| Untracked 
|   8|0x0000000081600000, 0x0000000081600000, 0x0000000081700000|  0%| F|  |TAMS 0x0000000081600000, 0x0000000081600000| Untracked 
|   9|0x0000000081700000, 0x0000000081700000, 0x0000000081800000|  0%| F|  |TAMS 0x0000000081700000, 0x0000000081700000| Untracked 
|  10|0x0000000081800000, 0x0000000081800000, 0x0000000081900000|  0%| F|  |TAMS 0x0000000081800000, 0x0000000081800000| Untracked 
|  11|0x0000000081900000, 0x0000000081900000, 0x0000000081a00000|  0%| F|  |TAMS 0x0000000081900000, 0x0000000081900000| Untracked 
|  12|0x0000000081a00000, 0x0000000081a00000, 0x0000000081b00000|  0%| F|  |TAMS 0x0000000081a00000, 0x0000000081a00000| Untracked 
|  13|0x0000000081b00000, 0x0000000081b00000, 0x0000000081c00000|  0%| F|  |TAMS 0x0000000081b00000, 0x0000000081b00000| Untracked 
|  14|0x0000000081c00000, 0x0000000081c00000, 0x0000000081d00000|  0%| F|  |TAMS 0x0000000081c00000, 0x0000000081c00000| Untracked 
|  15|0x0000000081d00000, 0x0000000081d00000, 0x0000000081e00000|  0%| F|  |TAMS 0x0000000081d00000, 0x0000000081d00000| Untracked 
|  16|0x0000000081e00000, 0x0000000081e00000, 0x0000000081f00000|  0%| F|  |TAMS 0x0000000081e00000, 0x0000000081e00000| Untracked 
|  17|0x0000000081f00000, 0x0000000081f00000, 0x0000000082000000|  0%| F|  |TAMS 0x0000000081f00000, 0x0000000081f00000| Untracked 
|  18|0x0000000082000000, 0x0000000082000000, 0x0000000082100000|  0%| F|  |TAMS 0x0000000082000000, 0x0000000082000000| Untracked 
|  19|0x0000000082100000, 0x0000000082100000, 0x0000000082200000|  0%| F|  |TAMS 0x0000000082100000, 0x0000000082100000| Untracked 
|  20|0x0000000082200000, 0x0000000082200000, 0x0000000082300000|  0%| F|  |TAMS 0x0000000082200000, 0x0000000082200000| Untracked 
|  21|0x0000000082300000, 0x0000000082300000, 0x0000000082400000|  0%| F|  |TAMS 0x0000000082300000, 0x0000000082300000| Untracked 
|  22|0x0000000082400000, 0x0000000082400000, 0x0000000082500000|  0%| F|  |TAMS 0x0000000082400000, 0x0000000082400000| Untracked 
|  23|0x0000000082500000, 0x0000000082500000, 0x0000000082600000|  0%| F|  |TAMS 0x0000000082500000, 0x0000000082500000| Untracked 
|  24|0x0000000082600000, 0x0000000082600000, 0x0000000082700000|  0%| F|  |TAMS 0x0000000082600000, 0x0000000082600000| Untracked 
|  25|0x0000000082700000, 0x0000000082700000, 0x0000000082800000|  0%| F|  |TAMS 0x0000000082700000, 0x0000000082700000| Untracked 
|  26|0x0000000082800000, 0x0000000082800000, 0x0000000082900000|  0%| F|  |TAMS 0x0000000082800000, 0x0000000082800000| Untracked 
|  27|0x0000000082900000, 0x0000000082900000, 0x0000000082a00000|  0%| F|  |TAMS 0x0000000082900000, 0x0000000082900000| Untracked 
|  28|0x0000000082a00000, 0x0000000082a00000, 0x0000000082b00000|  0%| F|  |TAMS 0x0000000082a00000, 0x0000000082a00000| Untracked 
|  29|0x0000000082b00000, 0x0000000082b00000, 0x0000000082c00000|  0%| F|  |TAMS 0x0000000082b00000, 0x0000000082b00000| Untracked 
|  30|0x0000000082c00000, 0x0000000082c00000, 0x0000000082d00000|  0%| F|  |TAMS 0x0000000082c00000, 0x0000000082c00000| Untracked 
|  31|0x0000000082d00000, 0x0000000082d00000, 0x0000000082e00000|  0%| F|  |TAMS 0x0000000082d00000, 0x0000000082d00000| Untracked 
|  32|0x0000000082e00000, 0x0000000082e00000, 0x0000000082f00000|  0%| F|  |TAMS 0x0000000082e00000, 0x0000000082e00000| Untracked 
|  33|0x0000000082f00000, 0x0000000082f00000, 0x0000000083000000|  0%| F|  |TAMS 0x0000000082f00000, 0x0000000082f00000| Untracked 
|  34|0x0000000083000000, 0x0000000083000000, 0x0000000083100000|  0%| F|  |TAMS 0x0000000083000000, 0x0000000083000000| Untracked 
|  35|0x0000000083100000, 0x0000000083100000, 0x0000000083200000|  0%| F|  |TAMS 0x0000000083100000, 0x0000000083100000| Untracked 
|  36|0x0000000083200000, 0x0000000083200000, 0x0000000083300000|  0%| F|  |TAMS 0x0000000083200000, 0x0000000083200000| Untracked 
|  37|0x0000000083300000, 0x0000000083300000, 0x0000000083400000|  0%| F|  |TAMS 0x0000000083300000, 0x0000000083300000| Untracked 
|  38|0x0000000083400000, 0x0000000083400000, 0x0000000083500000|  0%| F|  |TAMS 0x0000000083400000, 0x0000000083400000| Untracked 
|  39|0x0000000083500000, 0x0000000083500000, 0x0000000083600000|  0%| F|  |TAMS 0x0000000083500000, 0x0000000083500000| Untracked 
|  40|0x0000000083600000, 0x0000000083600000, 0x0000000083700000|  0%| F|  |TAMS 0x0000000083600000, 0x0000000083600000| Untracked 
|  41|0x0000000083700000, 0x0000000083700000, 0x0000000083800000|  0%| F|  |TAMS 0x0000000083700000, 0x0000000083700000| Untracked 
|  42|0x0000000083800000, 0x0000000083800000, 0x0000000083900000|  0%| F|  |TAMS 0x0000000083800000, 0x0000000083800000| Untracked 
|  43|0x0000000083900000, 0x0000000083900000, 0x0000000083a00000|  0%| F|  |TAMS 0x0000000083900000, 0x0000000083900000| Untracked 
|  44|0x0000000083a00000, 0x0000000083a00000, 0x0000000083b00000|  0%| F|  |TAMS 0x0000000083a00000, 0x0000000083a00000| Untracked 
|  45|0x0000000083b00000, 0x0000000083b00000, 0x0000000083c00000|  0%| F|  |TAMS 0x0000000083b00000, 0x0000000083b00000| Untracked 
|  46|0x0000000083c00000, 0x0000000083c00000, 0x0000000083d00000|  0%| F|  |TAMS 0x0000000083c00000, 0x0000000083c00000| Untracked 
|  47|0x0000000083d00000, 0x0000000083dd0040, 0x0000000083e00000| 81%| S|CS|TAMS 0x0000000083d00000, 0x0000000083d00000| Complete 
|  48|0x0000000083e00000, 0x0000000083f00000, 0x0000000083f00000|100%| S|CS|TAMS 0x0000000083e00000, 0x0000000083e00000| Complete 
|  49|0x0000000083f00000, 0x0000000084000000, 0x0000000084000000|100%| S|CS|TAMS 0x0000000083f00000, 0x0000000083f00000| Complete 
|  50|0x0000000084000000, 0x0000000084000000, 0x0000000084100000|  0%| F|  |TAMS 0x0000000084000000, 0x0000000084000000| Untracked 
|  51|0x0000000084100000, 0x0000000084100000, 0x0000000084200000|  0%| F|  |TAMS 0x0000000084100000, 0x0000000084100000| Untracked 
|  52|0x0000000084200000, 0x0000000084200000, 0x0000000084300000|  0%| F|  |TAMS 0x0000000084200000, 0x0000000084200000| Untracked 
|  53|0x0000000084300000, 0x0000000084300000, 0x0000000084400000|  0%| F|  |TAMS 0x0000000084300000, 0x0000000084300000| Untracked 
|  54|0x0000000084400000, 0x0000000084400000, 0x0000000084500000|  0%| F|  |TAMS 0x0000000084400000, 0x0000000084400000| Untracked 
|  55|0x0000000084500000, 0x0000000084600000, 0x0000000084600000|100%| O|  |TAMS 0x0000000084600000, 0x0000000084500000| Untracked 
|  56|0x0000000084600000, 0x000000008469d800, 0x0000000084700000| 61%| O|  |TAMS 0x000000008469ce00, 0x0000000084600000| Untracked 
|  57|0x0000000084700000, 0x0000000084700000, 0x0000000084800000|  0%| F|  |TAMS 0x0000000084700000, 0x0000000084700000| Untracked 
|  58|0x0000000084800000, 0x0000000084800000, 0x0000000084900000|  0%| F|  |TAMS 0x0000000084800000, 0x0000000084800000| Untracked 
|  59|0x0000000084900000, 0x0000000084900000, 0x0000000084a00000|  0%| F|  |TAMS 0x0000000084900000, 0x0000000084900000| Untracked 
|  60|0x0000000084a00000, 0x0000000084a00000, 0x0000000084b00000|  0%| F|  |TAMS 0x0000000084a00000, 0x0000000084a00000| Untracked 
|  61|0x0000000084b00000, 0x0000000084b00000, 0x0000000084c00000|  0%| F|  |TAMS 0x0000000084b00000, 0x0000000084b00000| Untracked 
|  62|0x0000000084c00000, 0x0000000084c00000, 0x0000000084d00000|  0%| F|  |TAMS 0x0000000084c00000, 0x0000000084c00000| Untracked 
|  63|0x0000000084d00000, 0x0000000084d00000, 0x0000000084e00000|  0%| F|  |TAMS 0x0000000084d00000, 0x0000000084d00000| Untracked 
|  64|0x0000000084e00000, 0x0000000084e00000, 0x0000000084f00000|  0%| F|  |TAMS 0x0000000084e00000, 0x0000000084e00000| Untracked 
|  65|0x0000000084f00000, 0x0000000084f00000, 0x0000000085000000|  0%| F|  |TAMS 0x0000000084f00000, 0x0000000084f00000| Untracked 
|  66|0x0000000085000000, 0x0000000085000000, 0x0000000085100000|  0%| F|  |TAMS 0x0000000085000000, 0x0000000085000000| Untracked 
|  67|0x0000000085100000, 0x0000000085100000, 0x0000000085200000|  0%| F|  |TAMS 0x0000000085100000, 0x0000000085100000| Untracked 
|  68|0x0000000085200000, 0x0000000085200000, 0x0000000085300000|  0%| F|  |TAMS 0x0000000085200000, 0x0000000085200000| Untracked 
|  69|0x0000000085300000, 0x0000000085300000, 0x0000000085400000|  0%| F|  |TAMS 0x0000000085300000, 0x0000000085300000| Untracked 
|  70|0x0000000085400000, 0x0000000085400000, 0x0000000085500000|  0%| F|  |TAMS 0x0000000085400000, 0x0000000085400000| Untracked 
|  71|0x0000000085500000, 0x0000000085500000, 0x0000000085600000|  0%| F|  |TAMS 0x0000000085500000, 0x0000000085500000| Untracked 
|  72|0x0000000085600000, 0x0000000085600000, 0x0000000085700000|  0%| F|  |TAMS 0x0000000085600000, 0x0000000085600000| Untracked 
|  73|0x0000000085700000, 0x0000000085700000, 0x0000000085800000|  0%| F|  |TAMS 0x0000000085700000, 0x0000000085700000| Untracked 
|  74|0x0000000085800000, 0x0000000085800000, 0x0000000085900000|  0%| F|  |TAMS 0x0000000085800000, 0x0000000085800000| Untracked 
|  75|0x0000000085900000, 0x0000000085900000, 0x0000000085a00000|  0%| F|  |TAMS 0x0000000085900000, 0x0000000085900000| Untracked 
|  76|0x0000000085a00000, 0x0000000085a00000, 0x0000000085b00000|  0%| F|  |TAMS 0x0000000085a00000, 0x0000000085a00000| Untracked 
|  77|0x0000000085b00000, 0x0000000085b00000, 0x0000000085c00000|  0%| F|  |TAMS 0x0000000085b00000, 0x0000000085b00000| Untracked 
|  78|0x0000000085c00000, 0x0000000085c00000, 0x0000000085d00000|  0%| F|  |TAMS 0x0000000085c00000, 0x0000000085c00000| Untracked 
|  79|0x0000000085d00000, 0x0000000085d00000, 0x0000000085e00000|  0%| F|  |TAMS 0x0000000085d00000, 0x0000000085d00000| Untracked 
|  80|0x0000000085e00000, 0x0000000085e00000, 0x0000000085f00000|  0%| F|  |TAMS 0x0000000085e00000, 0x0000000085e00000| Untracked 
|  81|0x0000000085f00000, 0x0000000085f00000, 0x0000000086000000|  0%| F|  |TAMS 0x0000000085f00000, 0x0000000085f00000| Untracked 
|  82|0x0000000086000000, 0x0000000086000000, 0x0000000086100000|  0%| F|  |TAMS 0x0000000086000000, 0x0000000086000000| Untracked 
|  83|0x0000000086100000, 0x0000000086100000, 0x0000000086200000|  0%| F|  |TAMS 0x0000000086100000, 0x0000000086100000| Untracked 
|  84|0x0000000086200000, 0x0000000086200000, 0x0000000086300000|  0%| F|  |TAMS 0x0000000086200000, 0x0000000086200000| Untracked 
|  85|0x0000000086300000, 0x0000000086300000, 0x0000000086400000|  0%| F|  |TAMS 0x0000000086300000, 0x0000000086300000| Untracked 
|  86|0x0000000086400000, 0x0000000086400000, 0x0000000086500000|  0%| F|  |TAMS 0x0000000086400000, 0x0000000086400000| Untracked 
|  87|0x0000000086500000, 0x0000000086500000, 0x0000000086600000|  0%| F|  |TAMS 0x0000000086500000, 0x0000000086500000| Untracked 
|  88|0x0000000086600000, 0x0000000086600000, 0x0000000086700000|  0%| F|  |TAMS 0x0000000086600000, 0x0000000086600000| Untracked 
|  89|0x0000000086700000, 0x0000000086700000, 0x0000000086800000|  0%| F|  |TAMS 0x0000000086700000, 0x0000000086700000| Untracked 
|  90|0x0000000086800000, 0x0000000086800000, 0x0000000086900000|  0%| F|  |TAMS 0x0000000086800000, 0x0000000086800000| Untracked 
|  91|0x0000000086900000, 0x0000000086900000, 0x0000000086a00000|  0%| F|  |TAMS 0x0000000086900000, 0x0000000086900000| Untracked 
|  92|0x0000000086a00000, 0x0000000086a00000, 0x0000000086b00000|  0%| F|  |TAMS 0x0000000086a00000, 0x0000000086a00000| Untracked 
|  93|0x0000000086b00000, 0x0000000086b00000, 0x0000000086c00000|  0%| F|  |TAMS 0x0000000086b00000, 0x0000000086b00000| Untracked 
|  94|0x0000000086c00000, 0x0000000086c00000, 0x0000000086d00000|  0%| F|  |TAMS 0x0000000086c00000, 0x0000000086c00000| Untracked 
|  95|0x0000000086d00000, 0x0000000086d00000, 0x0000000086e00000|  0%| F|  |TAMS 0x0000000086d00000, 0x0000000086d00000| Untracked 
|  96|0x0000000086e00000, 0x0000000086e00000, 0x0000000086f00000|  0%| F|  |TAMS 0x0000000086e00000, 0x0000000086e00000| Untracked 
|  97|0x0000000086f00000, 0x0000000086f00000, 0x0000000087000000|  0%| F|  |TAMS 0x0000000086f00000, 0x0000000086f00000| Untracked 
|  98|0x0000000087000000, 0x0000000087000000, 0x0000000087100000|  0%| F|  |TAMS 0x0000000087000000, 0x0000000087000000| Untracked 
|  99|0x0000000087100000, 0x000000008713ecc8, 0x0000000087200000| 24%| E|  |TAMS 0x0000000087100000, 0x0000000087100000| Complete 
| 100|0x0000000087200000, 0x0000000087300000, 0x0000000087300000|100%| E|CS|TAMS 0x0000000087200000, 0x0000000087200000| Complete 
| 101|0x0000000087300000, 0x0000000087400000, 0x0000000087400000|100%| E|CS|TAMS 0x0000000087300000, 0x0000000087300000| Complete 
| 102|0x0000000087400000, 0x0000000087500000, 0x0000000087500000|100%| E|CS|TAMS 0x0000000087400000, 0x0000000087400000| Complete 
| 103|0x0000000087500000, 0x0000000087600000, 0x0000000087600000|100%| E|CS|TAMS 0x0000000087500000, 0x0000000087500000| Complete 
| 104|0x0000000087600000, 0x0000000087700000, 0x0000000087700000|100%| E|CS|TAMS 0x0000000087600000, 0x0000000087600000| Complete 
| 105|0x0000000087700000, 0x0000000087800000, 0x0000000087800000|100%| E|CS|TAMS 0x0000000087700000, 0x0000000087700000| Complete 
| 106|0x0000000087800000, 0x0000000087900000, 0x0000000087900000|100%| E|CS|TAMS 0x0000000087800000, 0x0000000087800000| Complete 
| 107|0x0000000087900000, 0x0000000087a00000, 0x0000000087a00000|100%| E|  |TAMS 0x0000000087900000, 0x0000000087900000| Complete 
| 108|0x0000000087a00000, 0x0000000087b00000, 0x0000000087b00000|100%| E|CS|TAMS 0x0000000087a00000, 0x0000000087a00000| Complete 
| 109|0x0000000087b00000, 0x0000000087c00000, 0x0000000087c00000|100%| E|CS|TAMS 0x0000000087b00000, 0x0000000087b00000| Complete 
| 110|0x0000000087c00000, 0x0000000087d00000, 0x0000000087d00000|100%| E|CS|TAMS 0x0000000087c00000, 0x0000000087c00000| Complete 
| 111|0x0000000087d00000, 0x0000000087e00000, 0x0000000087e00000|100%| E|CS|TAMS 0x0000000087d00000, 0x0000000087d00000| Complete 
| 112|0x0000000087e00000, 0x0000000087f00000, 0x0000000087f00000|100%| E|CS|TAMS 0x0000000087e00000, 0x0000000087e00000| Complete 
| 113|0x0000000087f00000, 0x0000000088000000, 0x0000000088000000|100%| E|CS|TAMS 0x0000000087f00000, 0x0000000087f00000| Complete 
| 114|0x0000000088000000, 0x0000000088100000, 0x0000000088100000|100%| E|CS|TAMS 0x0000000088000000, 0x0000000088000000| Complete 
| 115|0x0000000088100000, 0x0000000088200000, 0x0000000088200000|100%| E|CS|TAMS 0x0000000088100000, 0x0000000088100000| Complete 
| 116|0x0000000088200000, 0x0000000088300000, 0x0000000088300000|100%| E|CS|TAMS 0x0000000088200000, 0x0000000088200000| Complete 
| 117|0x0000000088300000, 0x0000000088400000, 0x0000000088400000|100%| E|CS|TAMS 0x0000000088300000, 0x0000000088300000| Complete 
| 118|0x0000000088400000, 0x0000000088500000, 0x0000000088500000|100%| E|CS|TAMS 0x0000000088400000, 0x0000000088400000| Complete 
| 119|0x0000000088500000, 0x0000000088600000, 0x0000000088600000|100%| E|CS|TAMS 0x0000000088500000, 0x0000000088500000| Complete 
| 120|0x0000000088600000, 0x0000000088700000, 0x0000000088700000|100%| E|CS|TAMS 0x0000000088600000, 0x0000000088600000| Complete 
| 121|0x0000000088700000, 0x0000000088800000, 0x0000000088800000|100%| E|CS|TAMS 0x0000000088700000, 0x0000000088700000| Complete 
| 122|0x0000000088800000, 0x0000000088900000, 0x0000000088900000|100%| E|CS|TAMS 0x0000000088800000, 0x0000000088800000| Complete 
| 123|0x0000000088900000, 0x0000000088a00000, 0x0000000088a00000|100%| E|CS|TAMS 0x0000000088900000, 0x0000000088900000| Complete 
| 124|0x0000000088a00000, 0x0000000088b00000, 0x0000000088b00000|100%| E|CS|TAMS 0x0000000088a00000, 0x0000000088a00000| Complete 
| 125|0x0000000088b00000, 0x0000000088c00000, 0x0000000088c00000|100%| E|CS|TAMS 0x0000000088b00000, 0x0000000088b00000| Complete 
| 126|0x0000000088c00000, 0x0000000088d00000, 0x0000000088d00000|100%| E|CS|TAMS 0x0000000088c00000, 0x0000000088c00000| Complete 
| 127|0x0000000088d00000, 0x0000000088e00000, 0x0000000088e00000|100%| E|CS|TAMS 0x0000000088d00000, 0x0000000088d00000| Complete 

Card table byte_map: [0x0000020ff3ac0000,0x0000020ff3ec0000] _byte_map_base: 0x0000020ff36b9000

Marking Bits (Prev, Next): (CMBitMap*) 0x0000020feb0a9b28, (CMBitMap*) 0x0000020feb0a9b60
 Prev Bits: [0x0000020ff42c0000, 0x0000020ff6288000)
 Next Bits: [0x0000020ff6290000, 0x0000020ff8258000)

Polling page: 0x0000020fe8e90000

Metaspace:

Usage:
  Non-class:     25.58 MB capacity,    25.31 MB ( 99%) used,   227.80 KB ( <1%) free+waste,    49.06 KB ( <1%) overhead. 
      Class:      3.03 MB capacity,     2.86 MB ( 94%) used,   151.46 KB (  5%) free+waste,    20.13 KB ( <1%) overhead. 
       Both:     28.61 MB capacity,    28.17 MB ( 98%) used,   379.27 KB (  1%) free+waste,    69.19 KB ( <1%) overhead. 

Virtual space:
  Non-class space:       26.00 MB reserved,      25.75 MB (>99%) committed 
      Class space:        1.00 GB reserved,       3.13 MB ( <1%) committed 
             Both:        1.03 GB reserved,      28.88 MB (  3%) committed 

Chunk freelists:
   Non-Class:  46.00 KB
       Class:  0 bytes
        Both:  46.00 KB

MaxMetaspaceSize: 17179869184.00 GB
CompressedClassSpaceSize: 1.00 GB

CodeHeap 'non-profiled nmethods': size=120064Kb used=1627Kb max_used=1717Kb free=118436Kb
 bounds [0x0000020f87ac0000, 0x0000020f87d30000, 0x0000020f8f000000]
CodeHeap 'profiled nmethods': size=120000Kb used=6266Kb max_used=6267Kb free=113734Kb
 bounds [0x0000020f80590000, 0x0000020f80bd0000, 0x0000020f87ac0000]
CodeHeap 'non-nmethods': size=5696Kb used=1266Kb max_used=1307Kb free=4429Kb
 bounds [0x0000020f80000000, 0x0000020f80270000, 0x0000020f80590000]
 total_blobs=5522 nmethods=2908 adapters=447
 compilation: enabled
              stopped_count=0, restarted_count=0
 full_count=0

Compilation events (20 events):
Event: 3356.032 Thread 0x0000020ffa76d800 3554       4       java.nio.MappedByteBuffer::position (6 bytes)
Event: 3356.033 Thread 0x0000020ffa76d800 nmethod 3554 0x0000020f87bdd190 code [0x0000020f87bdd320, 0x0000020f87bdd3f8]
Event: 3356.038 Thread 0x0000020ffa774800 3555       3       sun.nio.ch.IOStatus::normalize (10 bytes)
Event: 3356.038 Thread 0x0000020ffa774800 nmethod 3555 0x0000020f8099e210 code [0x0000020f8099e3c0, 0x0000020f8099e558]
Event: 3356.501 Thread 0x0000020ffa774800 3556       3       java.util.concurrent.locks.AbstractQueuedSynchronizer::enq (37 bytes)
Event: 3356.503 Thread 0x0000020ffa774800 nmethod 3556 0x0000020f80ad7e10 code [0x0000020f80ad8280, 0x0000020f80ada030]
Event: 3356.503 Thread 0x0000020ffa774800 3557       3       sun.nio.ch.SelectionKeyImpl::ensureValid (16 bytes)
Event: 3356.504 Thread 0x0000020ffa774800 nmethod 3557 0x0000020f809a6190 code [0x0000020f809a6360, 0x0000020f809a65d0]
Event: 3356.576 Thread 0x0000020ffa76d800 3558       4       org.eclipse.jetty.io.ManagedSelector::access$1000 (4 bytes)
Event: 3356.576 Thread 0x0000020ffa76d800 nmethod 3558 0x0000020f87bdcf10 code [0x0000020f87bdd0a0, 0x0000020f87bdd0f8]
Event: 3360.720 Thread 0x0000020ffa774800 3559   !   3       java.util.concurrent.ConcurrentHashMap::replaceNode (437 bytes)
Event: 3360.723 Thread 0x0000020ffa774800 nmethod 3559 0x0000020f80ae1d90 code [0x0000020f80ae2160, 0x0000020f80ae4540]
Event: 3360.725 Thread 0x0000020ffa774800 3560       3       java.util.concurrent.ConcurrentHashMap::remove (8 bytes)
Event: 3360.726 Thread 0x0000020ffa774800 nmethod 3560 0x0000020f809aa010 code [0x0000020f809aa1e0, 0x0000020f809aa390]
Event: 3360.729 Thread 0x0000020ffa774800 3561       3       java.lang.invoke.DirectMethodHandle::preparedLambdaForm (31 bytes)
Event: 3360.729 Thread 0x0000020ffa774800 nmethod 3561 0x0000020f809cfd90 code [0x0000020f809cff80, 0x0000020f809d0230]
Event: 3385.306 Thread 0x0000020ffa76d800 3562       4       java.lang.ThreadLocal::get (38 bytes)
Event: 3385.309 Thread 0x0000020ffa76d800 nmethod 3562 0x0000020f87bdc990 code [0x0000020f87bdcb40, 0x0000020f87bdcd58]
Event: 3385.320 Thread 0x0000020ffa774800 3563  s    3       org.sqlite.core.DB::column_names (38 bytes)
Event: 3385.320 Thread 0x0000020ffa774800 nmethod 3563 0x0000020f809e1690 code [0x0000020f809e1880, 0x0000020f809e1fc0]

GC Heap History (20 events):
Event: 61.288 GC heap before
{Heap before GC invocations=96 (full 0):
 garbage-first heap   total 131072K, used 68747K [0x0000000080e00000, 0x0000000100000000)
  region size 1024K, 12 young (12288K), 1 survivors (1024K)
 Metaspace       used 18486K, capacity 18713K, committed 18816K, reserved 1067008K
  class space    used 1795K, capacity 1861K, committed 1920K, reserved 1048576K
}
Event: 61.289 GC heap after
{Heap after GC invocations=97 (full 0):
 garbage-first heap   total 131072K, used 8329K [0x0000000080e00000, 0x0000000100000000)
  region size 1024K, 1 young (1024K), 1 survivors (1024K)
 Metaspace       used 18486K, capacity 18713K, committed 18816K, reserved 1067008K
  class space    used 1795K, capacity 1861K, committed 1920K, reserved 1048576K
}
Event: 62.305 GC heap before
{Heap before GC invocations=98 (full 0):
 garbage-first heap   total 131072K, used 60553K [0x0000000080e00000, 0x0000000100000000)
  region size 1024K, 10 young (10240K), 1 survivors (1024K)
 Metaspace       used 18489K, capacity 18713K, committed 18816K, reserved 1067008K
  class space    used 1795K, capacity 1861K, committed 1920K, reserved 1048576K
}
Event: 62.306 GC heap after
{Heap after GC invocations=99 (full 0):
 garbage-first heap   total 131072K, used 10377K [0x0000000080e00000, 0x0000000100000000)
  region size 1024K, 1 young (1024K), 1 survivors (1024K)
 Metaspace       used 18489K, capacity 18713K, committed 18816K, reserved 1067008K
  class space    used 1795K, capacity 1861K, committed 1920K, reserved 1048576K
}
Event: 63.336 GC heap before
{Heap before GC invocations=100 (full 0):
 garbage-first heap   total 131072K, used 65673K [0x0000000080e00000, 0x0000000100000000)
  region size 1024K, 10 young (10240K), 1 survivors (1024K)
 Metaspace       used 18495K, capacity 18713K, committed 18816K, reserved 1067008K
  class space    used 1795K, capacity 1861K, committed 1920K, reserved 1048576K
}
Event: 63.337 GC heap after
{Heap after GC invocations=101 (full 0):
 garbage-first heap   total 131072K, used 13426K [0x0000000080e00000, 0x0000000100000000)
  region size 1024K, 1 young (1024K), 1 survivors (1024K)
 Metaspace       used 18495K, capacity 18713K, committed 18816K, reserved 1067008K
  class space    used 1795K, capacity 1861K, committed 1920K, reserved 1048576K
}
Event: 64.526 GC heap before
{Heap before GC invocations=102 (full 0):
 garbage-first heap   total 131072K, used 69746K [0x0000000080e00000, 0x0000000100000000)
  region size 1024K, 13 young (13312K), 1 survivors (1024K)
 Metaspace       used 18496K, capacity 18713K, committed 18816K, reserved 1067008K
  class space    used 1795K, capacity 1861K, committed 1920K, reserved 1048576K
}
Event: 64.527 GC heap after
{Heap after GC invocations=103 (full 0):
 garbage-first heap   total 131072K, used 10395K [0x0000000080e00000, 0x0000000100000000)
  region size 1024K, 1 young (1024K), 1 survivors (1024K)
 Metaspace       used 18496K, capacity 18713K, committed 18816K, reserved 1067008K
  class space    used 1795K, capacity 1861K, committed 1920K, reserved 1048576K
}
Event: 65.701 GC heap before
{Heap before GC invocations=104 (full 0):
 garbage-first heap   total 131072K, used 67739K [0x0000000080e00000, 0x0000000100000000)
  region size 1024K, 12 young (12288K), 1 survivors (1024K)
 Metaspace       used 18497K, capacity 18713K, committed 18816K, reserved 1067008K
  class space    used 1795K, capacity 1861K, committed 1920K, reserved 1048576K
}
Event: 65.702 GC heap after
{Heap after GC invocations=105 (full 0):
 garbage-first heap   total 131072K, used 7324K [0x0000000080e00000, 0x0000000100000000)
  region size 1024K, 1 young (1024K), 1 survivors (1024K)
 Metaspace       used 18497K, capacity 18713K, committed 18816K, reserved 1067008K
  class space    used 1795K, capacity 1861K, committed 1920K, reserved 1048576K
}
Event: 67.070 GC heap before
{Heap before GC invocations=106 (full 0):
 garbage-first heap   total 131072K, used 69788K [0x0000000080e00000, 0x0000000100000000)
  region size 1024K, 13 young (13312K), 1 survivors (1024K)
 Metaspace       used 18497K, capacity 18713K, committed 18816K, reserved 1067008K
  class space    used 1795K, capacity 1861K, committed 1920K, reserved 1048576K
}
Event: 67.072 GC heap after
{Heap after GC invocations=107 (full 0):
 garbage-first heap   total 131072K, used 6700K [0x0000000080e00000, 0x0000000100000000)
  region size 1024K, 1 young (1024K), 1 survivors (1024K)
 Metaspace       used 18497K, capacity 18713K, committed 18816K, reserved 1067008K
  class space    used 1795K, capacity 1861K, committed 1920K, reserved 1048576K
}
Event: 68.618 GC heap before
{Heap before GC invocations=108 (full 0):
 garbage-first heap   total 131072K, used 72236K [0x0000000080e00000, 0x0000000100000000)
  region size 1024K, 15 young (15360K), 1 survivors (1024K)
 Metaspace       used 18497K, capacity 18713K, committed 18816K, reserved 1067008K
  class space    used 1795K, capacity 1861K, committed 1920K, reserved 1048576K
}
Event: 68.619 GC heap after
{Heap after GC invocations=109 (full 0):
 garbage-first heap   total 131072K, used 10351K [0x0000000080e00000, 0x0000000100000000)
  region size 1024K, 1 young (1024K), 1 survivors (1024K)
 Metaspace       used 18497K, capacity 18713K, committed 18816K, reserved 1067008K
  class space    used 1795K, capacity 1861K, committed 1920K, reserved 1048576K
}
Event: 69.783 GC heap before
{Heap before GC invocations=110 (full 0):
 garbage-first heap   total 131072K, used 68719K [0x0000000080e00000, 0x0000000100000000)
  region size 1024K, 12 young (12288K), 1 survivors (1024K)
 Metaspace       used 18497K, capacity 18713K, committed 18816K, reserved 1067008K
  class space    used 1795K, capacity 1861K, committed 1920K, reserved 1048576K
}
Event: 69.785 GC heap after
{Heap after GC invocations=111 (full 0):
 garbage-first heap   total 131072K, used 8379K [0x0000000080e00000, 0x0000000100000000)
  region size 1024K, 1 young (1024K), 1 survivors (1024K)
 Metaspace       used 18497K, capacity 18713K, committed 18816K, reserved 1067008K
  class space    used 1795K, capacity 1861K, committed 1920K, reserved 1048576K
}
Event: 71.143 GC heap before
{Heap before GC invocations=112 (full 0):
 garbage-first heap   total 131072K, used 68795K [0x0000000080e00000, 0x0000000100000000)
  region size 1024K, 12 young (12288K), 1 survivors (1024K)
 Metaspace       used 18497K, capacity 18713K, committed 18816K, reserved 1067008K
  class space    used 1795K, capacity 1861K, committed 1920K, reserved 1048576K
}
Event: 71.144 GC heap after
{Heap after GC invocations=113 (full 0):
 garbage-first heap   total 131072K, used 6718K [0x0000000080e00000, 0x0000000100000000)
  region size 1024K, 1 young (1024K), 1 survivors (1024K)
 Metaspace       used 18497K, capacity 18713K, committed 18816K, reserved 1067008K
  class space    used 1795K, capacity 1861K, committed 1920K, reserved 1048576K
}
Event: 2827.633 GC heap before
{Heap before GC invocations=114 (full 0):
 garbage-first heap   total 131072K, used 102974K [0x0000000080e00000, 0x0000000100000000)
  region size 1024K, 76 young (77824K), 1 survivors (1024K)
 Metaspace       used 28588K, capacity 29039K, committed 29312K, reserved 1075200K
  class space    used 2920K, capacity 3103K, committed 3200K, reserved 1048576K
}
Event: 2827.646 GC heap after
{Heap after GC invocations=115 (full 0):
 garbage-first heap   total 131072K, used 8630K [0x0000000080e00000, 0x0000000100000000)
  region size 1024K, 3 young (3072K), 3 survivors (3072K)
 Metaspace       used 28588K, capacity 29039K, committed 29312K, reserved 1075200K
  class space    used 2920K, capacity 3103K, committed 3200K, reserved 1048576K
}

Deoptimization events (20 events):
Event: 2828.071 Thread 0x0000020ffbcd4000 Uncommon trap: trap_request=0xffffff4d fr.pc=0x0000020f87bd25c8 relative=0x00000000000003a8
Event: 2828.071 Thread 0x0000020ffbcd4000 Uncommon trap: reason=unstable_if action=reinterpret pc=0x0000020f87bd25c8 method=org.jsoup.parser.CharacterReader.matchesLetter()Z @ 28 c2
Event: 2828.071 Thread 0x0000020ffbcd4000 DEOPT PACKING pc=0x0000020f87bd25c8 sp=0x0000009a084fe130
Event: 2828.071 Thread 0x0000020ffbcd4000 DEOPT UNPACKING pc=0x0000020f8003d12f sp=0x0000009a084fe0d8 mode 2
Event: 2828.075 Thread 0x0000020ffbcd4000 DEOPT PACKING pc=0x0000020f807b2f3b sp=0x0000009a084fe160
Event: 2828.075 Thread 0x0000020ffbcd4000 DEOPT UNPACKING pc=0x0000020f8003cf4e sp=0x0000009a084fd648 mode 0
Event: 2833.122 Thread 0x0000020ffbc77800 DEOPT PACKING pc=0x0000020f809cd891 sp=0x0000009a08eff0a0
Event: 2833.122 Thread 0x0000020ffbc77800 DEOPT UNPACKING pc=0x0000020f8003cf4e sp=0x0000009a08efe558 mode 1
Event: 2833.123 Thread 0x0000020ffbc77800 DEOPT PACKING pc=0x0000020f80afd7f4 sp=0x0000009a08efeca0
Event: 2833.123 Thread 0x0000020ffbc77800 DEOPT UNPACKING pc=0x0000020f8003cf4e sp=0x0000009a08efe240 mode 1
Event: 2833.123 Thread 0x0000020ffbc77800 DEOPT PACKING pc=0x0000020f80a53894 sp=0x0000009a08efee40
Event: 2833.123 Thread 0x0000020ffbc77800 DEOPT UNPACKING pc=0x0000020f8003cf4e sp=0x0000009a08efe3b0 mode 1
Event: 2833.123 Thread 0x0000020ffbc77800 DEOPT PACKING pc=0x0000020f80a51c74 sp=0x0000009a08efef80
Event: 2833.123 Thread 0x0000020ffbc77800 DEOPT UNPACKING pc=0x0000020f8003cf4e sp=0x0000009a08efe490 mode 1
Event: 3355.889 Thread 0x0000020ffbcd4000 DEOPT PACKING pc=0x0000020f87b93600 sp=0x0000009a084fdef0
Event: 3355.889 Thread 0x0000020ffbcd4000 DEOPT UNPACKING pc=0x0000020f8003cf4e sp=0x0000009a084fd390 mode 1
Event: 3355.890 Thread 0x0000020ffbcd4000 DEOPT PACKING pc=0x0000020f87b93600 sp=0x0000009a084fe010
Event: 3355.890 Thread 0x0000020ffbcd4000 DEOPT UNPACKING pc=0x0000020f8003cf4e sp=0x0000009a084fd4a8 mode 1
Event: 3355.890 Thread 0x0000020ffbcd4000 DEOPT PACKING pc=0x0000020f805fa4ec sp=0x0000009a084fe050
Event: 3355.890 Thread 0x0000020ffbcd4000 DEOPT UNPACKING pc=0x0000020f8003cf4e sp=0x0000009a084fd508 mode 1

Classes redefined (20 events):
Event: 2752.573 Thread 0x0000020ffa72e800 redefined class name=Main.Main$ChampionPageHandler, count=6
Event: 2752.593 Thread 0x0000020ffa72e800 redefined class name=Main.Main$ExceptionPrinter, count=6
Event: 2752.611 Thread 0x0000020ffa72e800 redefined class name=Main.Main$FrontHandler, count=6
Event: 2752.631 Thread 0x0000020ffa72e800 redefined class name=Main.Main$LeaderboardHandler, count=6
Event: 2752.652 Thread 0x0000020ffa72e800 redefined class name=Main.Main$LoginPageHandler, count=6
Event: 2752.669 Thread 0x0000020ffa72e800 redefined class name=Main.Main$LogoutHandler, count=6
Event: 2752.687 Thread 0x0000020ffa72e800 redefined class name=Main.Main$MyBetHandler, count=6
Event: 2752.704 Thread 0x0000020ffa72e800 redefined class name=Main.Main$PatchNoteHandler, count=6
Event: 2752.719 Thread 0x0000020ffa72e800 redefined class name=Main.Main, count=6
Event: 3351.168 Thread 0x0000020ffa72e800 redefined class name=Main.Main$ChampionBetHandler, count=7
Event: 3351.187 Thread 0x0000020ffa72e800 redefined class name=Main.Main$ChampionPageHandler, count=7
Event: 3351.205 Thread 0x0000020ffa72e800 redefined class name=Main.Main$ExceptionPrinter, count=7
Event: 3351.226 Thread 0x0000020ffa72e800 redefined class name=Main.Main$FrontHandler, count=7
Event: 3351.246 Thread 0x0000020ffa72e800 redefined class name=Main.Main$LeaderboardHandler, count=7
Event: 3351.266 Thread 0x0000020ffa72e800 redefined class name=Main.Main$LoginPageHandler, count=7
Event: 3351.287 Thread 0x0000020ffa72e800 redefined class name=Main.Main$LogoutHandler, count=7
Event: 3351.305 Thread 0x0000020ffa72e800 redefined class name=Main.Main$MyBetHandler, count=7
Event: 3351.324 Thread 0x0000020ffa72e800 redefined class name=Main.Main$PatchNoteHandler, count=7
Event: 3351.340 Thread 0x0000020ffa72e800 redefined class name=Main.Main, count=7
Event: 3351.359 Thread 0x0000020ffa72e800 redefined class name=Database.DatabaseHandler, count=6

Internal exceptions (20 events):
Event: 1281.191 Thread 0x0000020ffbcd3000 Exception <a 'java/lang/NoSuchMethodError'{0x0000000086ddd128}: 'java.lang.Object java.lang.invoke.DirectMethodHandle$Holder.invokeStatic(java.lang.Object, java.lang.Object, java.lang.Object, java.lang.Object, java.lang.Object, java.lang.Object, java.lang.Object, java.lang.Object, java.lang.Object, java.lang.Object, java.lang.Object, int, int, java.lang.Object)'> (0x0000000086ddd128) thrown at [./src/hotspot/share/interpreter/linkResolver.cpp, line 773]
Event: 1281.207 Thread 0x0000020ffbcd3000 Exception <a 'java/lang/NoSuchMethodError'{0x0000000086dfd9b8}: 'java.lang.Object java.lang.invoke.DirectMethodHandle$Holder.invokeStatic(java.lang.Object, java.lang.Object, java.lang.Object, java.lang.Object, java.lang.Object, java.lang.Object, java.lang.Object, java.lang.Object, java.lang.Object, java.lang.Object, java.lang.Object, int, int, java.lang.Object, java.lang.Object)'> (0x0000000086dfd9b8) thrown at [./src/hotspot/share/interpreter/linkResolver.cpp, line 773]
Event: 1281.209 Thread 0x0000020ffbcd3000 Exception <a 'java/lang/ClassNotFoundException'{0x0000000086c0a3d0}: java/lang/StringBuilderBeanInfo> (0x0000000086c0a3d0) thrown at [./src/hotspot/share/classfile/systemDictionary.cpp, line 231]
Event: 1281.209 Thread 0x0000020ffbcd3000 Exception <a 'java/lang/ClassNotFoundException'{0x0000000086c0b1f0}: java/lang/AbstractStringBuilderBeanInfo> (0x0000000086c0b1f0) thrown at [./src/hotspot/share/classfile/systemDictionary.cpp, line 231]
Event: 1281.209 Thread 0x0000020ffbcd3000 Exception <a 'java/lang/ClassNotFoundException'{0x0000000086c0c1e8}: java/lang/ObjectBeanInfo> (0x0000000086c0c1e8) thrown at [./src/hotspot/share/classfile/systemDictionary.cpp, line 231]
Event: 1281.210 Thread 0x0000020ffbcd3000 Exception <a 'java/lang/ClassNotFoundException'{0x0000000086c0e518}: java/lang/ObjectCustomizer> (0x0000000086c0e518) thrown at [./src/hotspot/share/classfile/systemDictionary.cpp, line 231]
Event: 1281.272 Thread 0x0000020ffbcd3000 Exception <a 'java/lang/ClassNotFoundException'{0x0000000086c43590}: java/lang/AbstractStringBuilderCustomizer> (0x0000000086c43590) thrown at [./src/hotspot/share/classfile/systemDictionary.cpp, line 231]
Event: 1281.287 Thread 0x0000020ffbcd3000 Exception <a 'java/lang/ClassNotFoundException'{0x0000000086c9be50}: java/lang/StringBuilderCustomizer> (0x0000000086c9be50) thrown at [./src/hotspot/share/classfile/systemDictionary.cpp, line 231]
Event: 2154.150 Thread 0x0000020ffbd38000 Exception <a 'java/io/IOException'{0x00000000875bfda0}> (0x00000000875bfda0) thrown at [./src/hotspot/share/prims/jni.cpp, line 615]
Event: 2161.934 Thread 0x0000020ffbd38000 Exception <a 'java/io/IOException'{0x00000000875c5170}> (0x00000000875c5170) thrown at [./src/hotspot/share/prims/jni.cpp, line 615]
Event: 2380.533 Thread 0x0000020ffbcd3000 Exception <a 'java/io/IOException'{0x0000000084a0c688}> (0x0000000084a0c688) thrown at [./src/hotspot/share/prims/jni.cpp, line 615]
Event: 2498.466 Thread 0x0000020ffbd38000 Exception <a 'java/io/IOException'{0x00000000875d9570}> (0x00000000875d9570) thrown at [./src/hotspot/share/prims/jni.cpp, line 615]
Event: 2588.278 Thread 0x0000020ffbd38000 Exception <a 'java/io/IOException'{0x00000000875dead0}> (0x00000000875dead0) thrown at [./src/hotspot/share/prims/jni.cpp, line 615]
Event: 2679.066 Thread 0x0000020ffbc75800 Exception <a 'java/io/IOException'{0x0000000084bc17a0}> (0x0000000084bc17a0) thrown at [./src/hotspot/share/prims/jni.cpp, line 615]
Event: 2691.796 Thread 0x0000020ffbc78000 Exception <a 'java/io/IOException'{0x0000000086e651e0}> (0x0000000086e651e0) thrown at [./src/hotspot/share/prims/jni.cpp, line 615]
Event: 2734.178 Thread 0x0000020ffbc78000 Exception <a 'java/io/IOException'{0x0000000086e6a6b0}> (0x0000000086e6a6b0) thrown at [./src/hotspot/share/prims/jni.cpp, line 615]
Event: 2759.596 Thread 0x0000020ffbd38000 Exception <a 'java/io/IOException'{0x00000000849263f0}> (0x00000000849263f0) thrown at [./src/hotspot/share/prims/jni.cpp, line 615]
Event: 2822.579 Thread 0x0000020ffbd38000 Exception <a 'java/io/IOException'{0x00000000849307c0}> (0x00000000849307c0) thrown at [./src/hotspot/share/prims/jni.cpp, line 615]
Event: 3356.575 Thread 0x0000020ffbc79000 Exception <a 'java/io/IOException'{0x00000000872050d0}> (0x00000000872050d0) thrown at [./src/hotspot/share/prims/jni.cpp, line 615]
Event: 3360.719 Thread 0x0000020ffbc75800 Exception <a 'java/io/IOException'{0x000000008710b030}> (0x000000008710b030) thrown at [./src/hotspot/share/prims/jni.cpp, line 615]

Events (20 events):
Event: 3360.719 Executing VM operation: RevokeBias
Event: 3360.719 Executing VM operation: RevokeBias done
Event: 3360.720 loading class org/eclipse/jetty/server/HttpChannel$Listener
Event: 3360.720 loading class org/eclipse/jetty/server/HttpChannel$Listener done
Event: 3360.731 loading class javax/servlet/UnavailableException
Event: 3360.731 loading class javax/servlet/UnavailableException done
Event: 3378.752 Executing VM operation: ChangeBreakpoints
Event: 3378.754 Executing VM operation: ChangeBreakpoints done
Event: 3378.754 Executing VM operation: ChangeBreakpoints
Event: 3378.756 Executing VM operation: ChangeBreakpoints done
Event: 3385.310 Thread 0x0000020ffa77b000 flushing nmethod 0x0000020f805b2d90
Event: 3385.310 Thread 0x0000020ffa77b000 flushing nmethod 0x0000020f805c0210
Event: 3385.310 Thread 0x0000020ffa77b000 flushing nmethod 0x0000020f805c5b10
Event: 3387.167 Executing VM operation: GetFrameCount
Event: 3387.167 Executing VM operation: GetFrameCount done
Event: 3387.167 Executing VM operation: GetFrameCount
Event: 3387.167 Executing VM operation: GetFrameCount done
Event: 3387.167 Executing VM operation: GetStackTrace
Event: 3387.167 Executing VM operation: GetStackTrace done
Event: 3398.849 Executing VM operation: GetOrSetLocal


Dynamic libraries:
0x00007ff6b2630000 - 0x00007ff6b263d000 	C:\Program Files\AdoptOpenJDK\jdk-11.0.7.10-hotspot\bin\java.exe
0x00007fffa5460000 - 0x00007fffa5650000 	C:\WINDOWS\SYSTEM32\ntdll.dll
0x00007fffa3fa0000 - 0x00007fffa4052000 	C:\WINDOWS\System32\KERNEL32.DLL
0x00007fffa3220000 - 0x00007fffa34c2000 	C:\WINDOWS\System32\KERNELBASE.dll
0x00007fffa2d60000 - 0x00007fffa2e5a000 	C:\WINDOWS\System32\ucrtbase.dll
0x00007fff95c70000 - 0x00007fff95c87000 	C:\Program Files\AdoptOpenJDK\jdk-11.0.7.10-hotspot\bin\jli.dll
0x00007fff947f0000 - 0x00007fff94805000 	C:\Program Files\AdoptOpenJDK\jdk-11.0.7.10-hotspot\bin\VCRUNTIME140.dll
0x00007fffa4750000 - 0x00007fffa48e3000 	C:\WINDOWS\System32\USER32.dll
0x00007fff9ac60000 - 0x00007fff9aee5000 	C:\WINDOWS\WinSxS\amd64_microsoft.windows.common-controls_6595b64144ccf1df_6.0.18362.30_none_a1435978519dce7f\COMCTL32.dll
0x00007fffa4500000 - 0x00007fffa459e000 	C:\WINDOWS\System32\msvcrt.dll
0x00007fffa38a0000 - 0x00007fffa3bd6000 	C:\WINDOWS\System32\combase.dll
0x00007fffa49a0000 - 0x00007fffa4ac0000 	C:\WINDOWS\System32\RPCRT4.dll
0x00007fffa2cd0000 - 0x00007fffa2cf1000 	C:\WINDOWS\System32\win32u.dll
0x00007fffa2450000 - 0x00007fffa24d1000 	C:\WINDOWS\System32\bcryptPrimitives.dll
0x00007fffa3ce0000 - 0x00007fffa3d06000 	C:\WINDOWS\System32\GDI32.dll
0x00007fffa2fb0000 - 0x00007fffa3144000 	C:\WINDOWS\System32\gdi32full.dll
0x00007fffa3180000 - 0x00007fffa321e000 	C:\WINDOWS\System32\msvcp_win.dll
0x00007fffa3be0000 - 0x00007fffa3c0e000 	C:\WINDOWS\System32\IMM32.DLL
0x00007fff87a00000 - 0x00007fff87a9b000 	C:\Program Files\AdoptOpenJDK\jdk-11.0.7.10-hotspot\bin\msvcp140.dll
0x00007fff6a0f0000 - 0x00007fff6abac000 	C:\Program Files\AdoptOpenJDK\jdk-11.0.7.10-hotspot\bin\server\jvm.dll
0x00007fffa52a0000 - 0x00007fffa5343000 	C:\WINDOWS\System32\ADVAPI32.dll
0x00007fffa3d90000 - 0x00007fffa3e27000 	C:\WINDOWS\System32\sechost.dll
0x00007fffa3e30000 - 0x00007fffa3e38000 	C:\WINDOWS\System32\PSAPI.DLL
0x00007fff9f310000 - 0x00007fff9f319000 	C:\WINDOWS\SYSTEM32\WSOCK32.dll
0x00007fff9b1e0000 - 0x00007fff9b204000 	C:\WINDOWS\SYSTEM32\WINMM.dll
0x00007fff9d840000 - 0x00007fff9d84a000 	C:\WINDOWS\SYSTEM32\VERSION.dll
0x00007fff9b1b0000 - 0x00007fff9b1dd000 	C:\WINDOWS\SYSTEM32\WINMMBASE.dll
0x00007fffa24e0000 - 0x00007fffa252a000 	C:\WINDOWS\System32\cfgmgr32.dll
0x00007fffa4b40000 - 0x00007fffa4baf000 	C:\WINDOWS\System32\WS2_32.dll
0x00007fffa2410000 - 0x00007fffa2421000 	C:\WINDOWS\System32\kernel.appcore.dll
0x00007fff99e30000 - 0x00007fff99e40000 	C:\Program Files\AdoptOpenJDK\jdk-11.0.7.10-hotspot\bin\verify.dll
0x00007fff9af20000 - 0x00007fff9b114000 	C:\WINDOWS\SYSTEM32\DBGHELP.DLL
0x00007fff9aef0000 - 0x00007fff9af1a000 	C:\WINDOWS\SYSTEM32\dbgcore.DLL
0x00007fff91580000 - 0x00007fff915a8000 	C:\Program Files\AdoptOpenJDK\jdk-11.0.7.10-hotspot\bin\java.dll
0x00007fff94900000 - 0x00007fff94938000 	C:\Program Files\AdoptOpenJDK\jdk-11.0.7.10-hotspot\bin\jdwp.dll
0x00007fff943d0000 - 0x00007fff943e6000 	C:\Program Files\AdoptOpenJDK\jdk-11.0.7.10-hotspot\bin\zip.dll
0x00007fff99da0000 - 0x00007fff99daa000 	C:\Program Files\AdoptOpenJDK\jdk-11.0.7.10-hotspot\bin\jimage.dll
0x00007fffa4bc0000 - 0x00007fffa52a0000 	C:\WINDOWS\System32\SHELL32.dll
0x00007fffa48f0000 - 0x00007fffa4999000 	C:\WINDOWS\System32\shcore.dll
0x00007fffa2550000 - 0x00007fffa2ccb000 	C:\WINDOWS\System32\windows.storage.dll
0x00007fffa2430000 - 0x00007fffa244f000 	C:\WINDOWS\System32\profapi.dll
0x00007fffa23a0000 - 0x00007fffa23ea000 	C:\WINDOWS\System32\powrprof.dll
0x00007fffa2390000 - 0x00007fffa23a0000 	C:\WINDOWS\System32\UMPDC.dll
0x00007fffa53c0000 - 0x00007fffa5412000 	C:\WINDOWS\System32\shlwapi.dll
0x00007fffa2530000 - 0x00007fffa2547000 	C:\WINDOWS\System32\cryptsp.dll
0x00007fffa0ca0000 - 0x00007fffa0caa000 	C:\Program Files\AdoptOpenJDK\jdk-11.0.7.10-hotspot\bin\dt_socket.dll
0x00007fffa1ba0000 - 0x00007fffa1c07000 	C:\WINDOWS\System32\mswsock.dll
0x00007fffa1940000 - 0x00007fffa1a0a000 	C:\WINDOWS\SYSTEM32\DNSAPI.dll
0x00007fffa4060000 - 0x00007fffa4068000 	C:\WINDOWS\System32\NSI.dll
0x00007fffa1900000 - 0x00007fffa193a000 	C:\WINDOWS\SYSTEM32\IPHLPAPI.DLL
0x00007fff96690000 - 0x00007fff96707000 	C:\WINDOWS\System32\fwpuclnt.dll
0x00007fffa3150000 - 0x00007fffa3176000 	C:\WINDOWS\System32\bcrypt.dll
0x00007fff96160000 - 0x00007fff9616a000 	C:\Windows\System32\rasadhlp.dll
0x00007fff93500000 - 0x00007fff93519000 	C:\Program Files\AdoptOpenJDK\jdk-11.0.7.10-hotspot\bin\net.dll
0x00007fff9a230000 - 0x00007fff9a31f000 	C:\WINDOWS\SYSTEM32\WINHTTP.dll
0x00007fff91c50000 - 0x00007fff91c62000 	C:\Program Files\AdoptOpenJDK\jdk-11.0.7.10-hotspot\bin\nio.dll
0x00007fffa1760000 - 0x00007fffa1793000 	C:\WINDOWS\system32\rsaenh.dll
0x00007fffa22b0000 - 0x00007fffa22d5000 	C:\WINDOWS\SYSTEM32\USERENV.dll
0x00007fffa1d70000 - 0x00007fffa1d7c000 	C:\WINDOWS\SYSTEM32\CRYPTBASE.dll
0x00007fff96cd0000 - 0x00007fff96ce6000 	C:\WINDOWS\SYSTEM32\dhcpcsvc6.DLL
0x00007fff96c80000 - 0x00007fff96c9c000 	C:\WINDOWS\SYSTEM32\dhcpcsvc.DLL
0x0000000070340000 - 0x000000007040e000 	C:\Users\power\AppData\Local\Temp\sqlite-3.30.1-b0112580-e57a-40fd-9dac-44fc953c22af-sqlitejdbc.dll
0x00007fff97730000 - 0x00007fff9773e000 	C:\Program Files\AdoptOpenJDK\jdk-11.0.7.10-hotspot\bin\sunmscapi.dll
0x00007fffa2e60000 - 0x00007fffa2fa9000 	C:\WINDOWS\System32\CRYPT32.dll
0x00007fffa23f0000 - 0x00007fffa2402000 	C:\WINDOWS\System32\MSASN1.dll
0x00007fffa1e70000 - 0x00007fffa1e96000 	C:\WINDOWS\SYSTEM32\ncrypt.dll
0x00007fffa1e30000 - 0x00007fffa1e6b000 	C:\WINDOWS\SYSTEM32\NTASN1.dll
0x00007fff91ce0000 - 0x00007fff91d05000 	C:\Program Files\AdoptOpenJDK\jdk-11.0.7.10-hotspot\bin\sunec.dll
0x00007fff9aa40000 - 0x00007fff9aa49000 	C:\Program Files\AdoptOpenJDK\jdk-11.0.7.10-hotspot\bin\management.dll
0x00007fff9a990000 - 0x00007fff9a99b000 	C:\Program Files\AdoptOpenJDK\jdk-11.0.7.10-hotspot\bin\management_ext.dll

dbghelp: loaded successfully - version: 4.0.5 - missing functions: none
symbol engine: initialized successfully - sym options: 0x614 - pdb path: .;C:\Program Files\AdoptOpenJDK\jdk-11.0.7.10-hotspot\bin;C:\WINDOWS\SYSTEM32;C:\WINDOWS\WinSxS\amd64_microsoft.windows.common-controls_6595b64144ccf1df_6.0.18362.30_none_a1435978519dce7f;C:\Program Files\AdoptOpenJDK\jdk-11.0.7.10-hotspot\bin\server;C:\Users\power\AppData\Local\Temp

VM Arguments:
jvm_args: -agentlib:jdwp=transport=dt_socket,server=n,suspend=y,address=localhost:63369 -Dfile.encoding=UTF-8 
java_command: Main.Main
java_class_path (initial): C:\Users\power\AppData\Roaming\Code\User\globalStorage\redhat.java\0.61.0\config_win\org.eclipse.osgi\68\0\.cp\;E:\Users\power\OneDrive\Desktop\CS32\term-project-sboughan-xzhan180-sbrandi-msiordia-1\target\classes;C:\Users\power\.m2\repository\org\jsoup\jsoup\1.13.1\jsoup-1.13.1.jar;C:\Users\power\.m2\repository\junit\junit\4.13\junit-4.13.jar;C:\Users\power\.m2\repository\org\hamcrest\hamcrest-core\1.3\hamcrest-core-1.3.jar;C:\Users\power\.m2\repository\org\slf4j\slf4j-api\2.0.0-alpha1\slf4j-api-2.0.0-alpha1.jar;C:\Users\power\.m2\repository\org\slf4j\slf4j-jdk14\2.0.0-alpha1\slf4j-jdk14-2.0.0-alpha1.jar;C:\Users\power\.m2\repository\org\hamcrest\hamcrest-all\1.3\hamcrest-all-1.3.jar;C:\Users\power\.m2\repository\com\sparkjava\spark-core\2.9.1\spark-core-2.9.1.jar;C:\Users\power\.m2\repository\org\eclipse\jetty\jetty-server\9.4.18.v20190429\jetty-server-9.4.18.v20190429.jar;C:\Users\power\.m2\repository\javax\servlet\javax.servlet-api\3.1.0\javax.servlet-api-3.1.0.jar;C:\Users\power\.m2\repository\org\eclipse\jetty\jetty-http\9.4.18.v20190429\jetty-http-9.4.18.v20190429.jar;C:\Users\power\.m2\repository\org\eclipse\jetty\jetty-util\9.4.18.v20190429\jetty-util-9.4.18.v20190429.jar;C:\Users\power\.m2\repository\org\eclipse\jetty\jetty-io\9.4.18.v20190429\jetty-io-9.4.18.v20190429.jar;C:\Users\power\.m2\repository\org\eclipse\jetty\jetty-webapp\9.4.18.v20190429\jetty-webapp-9.4.18.v20190429.jar;C:\Users\power\.m2\repository\org\eclipse\jetty\jetty-xml\9.4.18.v20190429\jetty-xml-9.4.18.v20190429.jar;C:\Users\power\.m2\repository\org\eclipse\jetty\jetty-servlet\9.4.18.v20190429\jetty-servlet-9.4.18.v20190429.jar;C:\Users\power\.m2\repository\org\eclipse\jetty\jetty-security\9.4.18.v20190429\jetty-security-9.4.18.v20190429.jar;C:\Users\power\.m2\repository\org\eclipse\jetty\websocket\websocket-server\9.4.18.v20190429\websocket-server-9.4.18.v20190429.jar;C:\Users\power\.m2\repository\org\eclipse\jetty\websocket\websocket-common\9.4.18.v201904
Launcher Type: SUN_STANDARD

[Global flags]
     intx CICompilerCount                          = 3                                         {product} {ergonomic}
     uint ConcGCThreads                            = 1                                         {product} {ergonomic}
     uint G1ConcRefinementThreads                  = 4                                         {product} {ergonomic}
   size_t G1HeapRegionSize                         = 1048576                                   {product} {ergonomic}
    uintx GCDrainStackTargetSize                   = 64                                        {product} {ergonomic}
   size_t InitialHeapSize                          = 134217728                                 {product} {ergonomic}
   size_t MarkStackSize                            = 4194304                                   {product} {ergonomic}
   size_t MaxHeapSize                              = 2132803584                                {product} {ergonomic}
   size_t MaxNewSize                               = 1279262720                                {product} {ergonomic}
   size_t MinHeapDeltaBytes                        = 1048576                                   {product} {ergonomic}
    uintx NonNMethodCodeHeapSize                   = 5830732                                {pd product} {ergonomic}
    uintx NonProfiledCodeHeapSize                  = 122913754                              {pd product} {ergonomic}
    uintx ProfiledCodeHeapSize                     = 122913754                              {pd product} {ergonomic}
    uintx ReservedCodeCacheSize                    = 251658240                              {pd product} {ergonomic}
     bool SegmentedCodeCache                       = true                                      {product} {ergonomic}
     bool UseCompressedClassPointers               = true                                 {lp64_product} {ergonomic}
     bool UseCompressedOops                        = true                                 {lp64_product} {ergonomic}
     bool UseG1GC                                  = true                                      {product} {ergonomic}
     bool UseLargePagesIndividualAllocation        = false                                  {pd product} {ergonomic}

Logging:
Log output configuration:
 #0: stdout all=warning uptime,level,tags
 #1: stderr all=off uptime,level,tags

Environment Variables:
JAVA_HOME=C:\Program Files\AdoptOpenJDK\jdk-11.0.7.10-hotspot\
PATH=C:\Program Files\AdoptOpenJDK\jdk-11.0.7.10-hotspot\bin;C:\WINDOWS\system32;C:\WINDOWS;C:\WINDOWS\System32\Wbem;C:\WINDOWS\System32\WindowsPowerShell\v1.0\;C:\Program Files\Git\cmd;C:\Program Files\nodejs\;C:\Users\power\Documents\apache-maven-3.6.3\bin;;C:\WINDOWS\System32\OpenSSH\;C:\Users\power\AppData\Local\Programs\Python\Python38-32\Scripts\;C:\Users\power\AppData\Local\Programs\Python\Python38-32\;C:\Users\power\AppData\Roaming\npm;%USERPROFILE%\AppData\Local\Microsoft\WindowsApps;
USERNAME=power
OS=Windows_NT
PROCESSOR_IDENTIFIER=AMD64 Family 21 Model 19 Stepping 1, AuthenticAMD



---------------  S Y S T E M  ---------------

OS: Windows 10 , 64 bit Build 18362 (10.0.18362.1)
OS uptime: 0 days 17:50 hours

CPU:total 4 (initial active 4) (4 cores per cpu, 1 threads per core) family 21 model 19 stepping 1, cmov, cx8, fxsr, mmx, sse, sse2, sse3, ssse3, sse4.1, sse4.2, popcnt, avx, aes, clmul, mmxext, 3dnowpref, lzcnt, sse4a, tsc, tscinvbit, tscinv, bmi1, fma

Memory: 4k page, system-wide physical 8134M (1285M free)
TotalPageFile size 32710M (AvailPageFile size 4638M)
current process WorkingSet (physical memory assigned to process): 144M, peak: 195M
current process commit charge ("private bytes"): 239M, peak: 255M

vm_info: OpenJDK 64-Bit Server VM (11.0.7+10) for windows-amd64 JRE (11.0.7+10), built on Apr 22 2020 11:46:09 by "" with MS VC++ 15.9 (VS2017)

END.
